\BOOKMARK [1][-]{section*.2}{\315ndice}{}
\BOOKMARK [1][-]{section.1}{Introducci\363n y antecedentes}{}
\BOOKMARK [2][-]{subsection.1.1}{Objetivos}{section.1}
\BOOKMARK [1][-]{section.2}{Acerca de este documento}{}
\BOOKMARK [1][-]{section.3}{Herramientas utilizadas}{}
\BOOKMARK [2][-]{subsection.3.1}{Herramientas software}{section.3}
\BOOKMARK [1][-]{section.4}{Herramientas hardware}{}
\BOOKMARK [2][-]{subsubsection.4.0.1}{Licencia}{section.4}
\BOOKMARK [1][-]{section.5}{Conceptos b\341sicos}{}
\BOOKMARK [2][-]{subsection.5.1}{Reconocimiento de patrones}{section.5}
\BOOKMARK [1][-]{section.6}{Organizaci\363n temporal}{}
\BOOKMARK [1][-]{section.7}{Desarrollo software}{}
\BOOKMARK [2][-]{subsection.7.1}{Metodolog\355a de desarrollo}{section.7}
\BOOKMARK [1][-]{section.8}{Software de reconocimiento}{}
\BOOKMARK [1][-]{section.9}{Software de control}{}
\BOOKMARK [2][-]{subsection.9.1}{Control por parte del usuario}{section.9}
\BOOKMARK [3][-]{subsubsection.9.1.1}{Control desde teclado}{subsection.9.1}
\BOOKMARK [3][-]{subsubsection.9.1.2}{Control mediante gamepad}{subsection.9.1}
\BOOKMARK [2][-]{subsection.9.2}{Control autom\341tico}{section.9}
\BOOKMARK [1][-]{section.10}{Interfaz gr\341fica}{}
\BOOKMARK [1][-]{section.11}{Conclusiones}{}
\BOOKMARK [1][-]{section.12}{Gu\355a de usuario}{}
\BOOKMARK [2][-]{subsection.12.1}{Objetivo de esta gu\355a}{section.12}
